<?xml version="1.0" encoding="UTF-8" ?>
<testsuite failures="0" time="0.014" errors="0" skipped="0" tests="1" name="pl.softwaremill.AppTest">
  <properties>
    <property name="java.runtime.name" value="Java(TM) SE Runtime Environment"/>
    <property name="sun.boot.library.path" value="/System/Library/Java/JavaVirtualMachines/1.6.0.jdk/Contents/Libraries"/>
    <property name="java.vm.version" value="20.4-b02-402"/>
    <property name="awt.nativeDoubleBuffering" value="true"/>
    <property name="gopherProxySet" value="false"/>
    <property name="mrj.build" value="11D50"/>
    <property name="java.vm.vendor" value="Apple Inc."/>
    <property name="java.vendor.url" value="http://www.apple.com/"/>
    <property name="path.separator" value=":"/>
    <property name="java.vm.name" value="Java HotSpot(TM) 64-Bit Server VM"/>
    <property name="file.encoding.pkg" value="sun.io"/>
    <property name="user.country" value="US"/>
    <property name="sun.java.launcher" value="SUN_STANDARD"/>
    <property name="sun.os.patch.level" value="unknown"/>
    <property name="java.vm.specification.name" value="Java Virtual Machine Specification"/>
    <property name="user.dir" value="/Users/szimano/java/cdiweb/cdiweb-parent/cdiweb"/>
    <property name="java.runtime.version" value="1.6.0_29-b11-402-11D50"/>
    <property name="java.awt.graphicsenv" value="apple.awt.CGraphicsEnvironment"/>
    <property name="basedir" value="/Users/szimano/java/cdiweb/cdiweb-parent/cdiweb"/>
    <property name="java.endorsed.dirs" value="/System/Library/Java/JavaVirtualMachines/1.6.0.jdk/Contents/Home/lib/endorsed"/>
    <property name="os.arch" value="x86_64"/>
    <property name="surefire.real.class.path" value="/Users/szimano/java/cdiweb/cdiweb-parent/cdiweb/target/surefire/surefirebooter5485666091662420175.jar"/>
    <property name="java.io.tmpdir" value="/var/folders/9s/sb0bh3b15dq_hkb7wd2htfkr0000gn/T/"/>
    <property name="line.separator" value="
"/>
    <property name="java.vm.specification.vendor" value="Sun Microsystems Inc."/>
    <property name="os.name" value="Mac OS X"/>
    <property name="sun.jnu.encoding" value="MacRoman"/>
    <property name="java.library.path" value=".:/Library/Java/Extensions:/System/Library/Java/Extensions:/usr/lib/java"/>
    <property name="surefire.test.class.path" value="/Users/szimano/java/cdiweb/cdiweb-parent/cdiweb/target/test-classes:/Users/szimano/java/cdiweb/cdiweb-parent/cdiweb/target/classes:/Users/szimano/.m2/repository/junit/junit/3.8.1/junit-3.8.1.jar:/Users/szimano/.m2/repository/javax/servlet/javax.servlet-api/3.0.1/javax.servlet-api-3.0.1.jar:/Users/szimano/.m2/repository/org/jboss/weld/weld-core/1.1.2.Final/weld-core-1.1.2.Final.jar:/Users/szimano/.m2/repository/javax/enterprise/cdi-api/1.0-SP4/cdi-api-1.0-SP4.jar:/Users/szimano/.m2/repository/javax/inject/javax.inject/1/javax.inject-1.jar:/Users/szimano/.m2/repository/org/jboss/weld/weld-api/1.1.Beta2/weld-api-1.1.Beta2.jar:/Users/szimano/.m2/repository/org/jboss/weld/weld-spi/1.1.Beta2/weld-spi-1.1.Beta2.jar:/Users/szimano/.m2/repository/javax/annotation/jsr250-api/1.0/jsr250-api-1.0.jar:/Users/szimano/.m2/repository/org/javassist/javassist/3.14.0-GA/javassist-3.14.0-GA.jar:/Users/szimano/.m2/repository/com/google/guava/guava/r06/guava-r06.jar:/Users/szimano/.m2/repository/org/jboss/spec/javax/interceptor/jboss-interceptors-api_1.1_spec/1.0.0.Beta1/jboss-interceptors-api_1.1_spec-1.0.0.Beta1.jar:/Users/szimano/.m2/repository/org/jboss/interceptor/jboss-interceptor-spi/2.0.0.CR1/jboss-interceptor-spi-2.0.0.CR1.jar:/Users/szimano/.m2/repository/org/jboss/interceptor/jboss-interceptor-core/2.0.0.CR1/jboss-interceptor-core-2.0.0.CR1.jar:/Users/szimano/.m2/repository/org/slf4j/slf4j-ext/1.5.10/slf4j-ext-1.5.10.jar:/Users/szimano/.m2/repository/ch/qos/cal10n/cal10n-api/0.7.2/cal10n-api-0.7.2.jar:/Users/szimano/.m2/repository/pl/softwaremill/common/softwaremill-cdi/63/softwaremill-cdi-63.jar:/Users/szimano/.m2/repository/pl/softwaremill/common/softwaremill-util/63/softwaremill-util-63.jar:/Users/szimano/.m2/repository/pl/softwaremill/common/softwaremill-conf/63/softwaremill-conf-63.jar:/Users/szimano/.m2/repository/org/jboss/seam/solder/seam-solder/3.0.0.Final/seam-solder-3.0.0.Final.jar:/Users/szimano/.m2/repository/org/slf4j/slf4j-log4j12/1.5.10/slf4j-log4j12-1.5.10.jar:/Users/szimano/.m2/repository/log4j/log4j/1.2.14/log4j-1.2.14.jar:/Users/szimano/.m2/repository/org/slf4j/slf4j-api/1.5.10/slf4j-api-1.5.10.jar:"/>
    <property name="java.specification.name" value="Java Platform API Specification"/>
    <property name="java.class.version" value="50.0"/>
    <property name="sun.management.compiler" value="HotSpot 64-Bit Tiered Compilers"/>
    <property name="os.version" value="10.7.3"/>
    <property name="http.nonProxyHosts" value="local|*.local|169.254/16|*.169.254/16"/>
    <property name="user.home" value="/Users/szimano"/>
    <property name="user.timezone" value=""/>
    <property name="java.awt.printerjob" value="apple.awt.CPrinterJob"/>
    <property name="java.specification.version" value="1.6"/>
    <property name="file.encoding" value="MacRoman"/>
    <property name="user.name" value="szimano"/>
    <property name="java.class.path" value="/Users/szimano/java/cdiweb/cdiweb-parent/cdiweb/target/test-classes:/Users/szimano/java/cdiweb/cdiweb-parent/cdiweb/target/classes:/Users/szimano/.m2/repository/junit/junit/3.8.1/junit-3.8.1.jar:/Users/szimano/.m2/repository/javax/servlet/javax.servlet-api/3.0.1/javax.servlet-api-3.0.1.jar:/Users/szimano/.m2/repository/org/jboss/weld/weld-core/1.1.2.Final/weld-core-1.1.2.Final.jar:/Users/szimano/.m2/repository/javax/enterprise/cdi-api/1.0-SP4/cdi-api-1.0-SP4.jar:/Users/szimano/.m2/repository/javax/inject/javax.inject/1/javax.inject-1.jar:/Users/szimano/.m2/repository/org/jboss/weld/weld-api/1.1.Beta2/weld-api-1.1.Beta2.jar:/Users/szimano/.m2/repository/org/jboss/weld/weld-spi/1.1.Beta2/weld-spi-1.1.Beta2.jar:/Users/szimano/.m2/repository/javax/annotation/jsr250-api/1.0/jsr250-api-1.0.jar:/Users/szimano/.m2/repository/org/javassist/javassist/3.14.0-GA/javassist-3.14.0-GA.jar:/Users/szimano/.m2/repository/com/google/guava/guava/r06/guava-r06.jar:/Users/szimano/.m2/repository/org/jboss/spec/javax/interceptor/jboss-interceptors-api_1.1_spec/1.0.0.Beta1/jboss-interceptors-api_1.1_spec-1.0.0.Beta1.jar:/Users/szimano/.m2/repository/org/jboss/interceptor/jboss-interceptor-spi/2.0.0.CR1/jboss-interceptor-spi-2.0.0.CR1.jar:/Users/szimano/.m2/repository/org/jboss/interceptor/jboss-interceptor-core/2.0.0.CR1/jboss-interceptor-core-2.0.0.CR1.jar:/Users/szimano/.m2/repository/org/slf4j/slf4j-ext/1.5.10/slf4j-ext-1.5.10.jar:/Users/szimano/.m2/repository/ch/qos/cal10n/cal10n-api/0.7.2/cal10n-api-0.7.2.jar:/Users/szimano/.m2/repository/pl/softwaremill/common/softwaremill-cdi/63/softwaremill-cdi-63.jar:/Users/szimano/.m2/repository/pl/softwaremill/common/softwaremill-util/63/softwaremill-util-63.jar:/Users/szimano/.m2/repository/pl/softwaremill/common/softwaremill-conf/63/softwaremill-conf-63.jar:/Users/szimano/.m2/repository/org/jboss/seam/solder/seam-solder/3.0.0.Final/seam-solder-3.0.0.Final.jar:/Users/szimano/.m2/repository/org/slf4j/slf4j-log4j12/1.5.10/slf4j-log4j12-1.5.10.jar:/Users/szimano/.m2/repository/log4j/log4j/1.2.14/log4j-1.2.14.jar:/Users/szimano/.m2/repository/org/slf4j/slf4j-api/1.5.10/slf4j-api-1.5.10.jar:"/>
    <property name="java.vm.specification.version" value="1.0"/>
    <property name="sun.arch.data.model" value="64"/>
    <property name="java.home" value="/System/Library/Java/JavaVirtualMachines/1.6.0.jdk/Contents/Home"/>
    <property name="sun.java.command" value="/Users/szimano/java/cdiweb/cdiweb-parent/cdiweb/target/surefire/surefirebooter5485666091662420175.jar /Users/szimano/java/cdiweb/cdiweb-parent/cdiweb/target/surefire/surefire7139232619508924074tmp /Users/szimano/java/cdiweb/cdiweb-parent/cdiweb/target/surefire/surefire5165463496864586806tmp"/>
    <property name="java.specification.vendor" value="Sun Microsystems Inc."/>
    <property name="user.language" value="en"/>
    <property name="awt.toolkit" value="apple.awt.CToolkit"/>
    <property name="java.vm.info" value="mixed mode"/>
    <property name="java.version" value="1.6.0_29"/>
    <property name="java.ext.dirs" value="/Library/Java/Extensions:/System/Library/Java/Extensions:/System/Library/Java/JavaVirtualMachines/1.6.0.jdk/Contents/Home/lib/ext"/>
    <property name="sun.boot.class.path" value="/System/Library/Java/JavaVirtualMachines/1.6.0.jdk/Contents/Classes/jsfd.jar:/System/Library/Java/JavaVirtualMachines/1.6.0.jdk/Contents/Classes/classes.jar:/System/Library/Frameworks/JavaVM.framework/Frameworks/JavaRuntimeSupport.framework/Resources/Java/JavaRuntimeSupport.jar:/System/Library/Java/JavaVirtualMachines/1.6.0.jdk/Contents/Classes/ui.jar:/System/Library/Java/JavaVirtualMachines/1.6.0.jdk/Contents/Classes/laf.jar:/System/Library/Java/JavaVirtualMachines/1.6.0.jdk/Contents/Classes/sunrsasign.jar:/System/Library/Java/JavaVirtualMachines/1.6.0.jdk/Contents/Classes/jsse.jar:/System/Library/Java/JavaVirtualMachines/1.6.0.jdk/Contents/Classes/jce.jar:/System/Library/Java/JavaVirtualMachines/1.6.0.jdk/Contents/Classes/charsets.jar"/>
    <property name="java.vendor" value="Apple Inc."/>
    <property name="localRepository" value="/Users/szimano/.m2/repository"/>
    <property name="file.separator" value="/"/>
    <property name="java.vendor.url.bug" value="http://bugreport.apple.com/"/>
    <property name="sun.cpu.endian" value="little"/>
    <property name="sun.io.unicode.encoding" value="UnicodeLittle"/>
    <property name="mrj.version" value="1070.1.6.0_29-402"/>
    <property name="socksNonProxyHosts" value="local|*.local|169.254/16|*.169.254/16"/>
    <property name="ftp.nonProxyHosts" value="local|*.local|169.254/16|*.169.254/16"/>
    <property name="sun.cpu.isalist" value=""/>
  </properties>
  <testcase time="0.003" classname="pl.softwaremill.AppTest" name="testApp"/>
</testsuite>